<?xml version="1.0" encoding="UTF-8"?>
<testsuite name="org.hyperskill.calculator.Stage4UnitTest" tests="4" skipped="0" failures="0" errors="0" timestamp="2021-08-20T15:11:34" hostname="LAPTOP-NT9VJI7C" time="9.57">
  <properties/>
  <testcase name="testShouldCheckCalculatorSetsHint" classname="org.hyperskill.calculator.Stage4UnitTest" time="8.34"/>
  <testcase name="testShouldCheckCalculatorClearsHint" classname="org.hyperskill.calculator.Stage4UnitTest" time="0.431"/>
  <testcase name="testShouldCheckCalculatorReturnsTheIntAnswer" classname="org.hyperskill.calculator.Stage4UnitTest" time="0.408"/>
  <testcase name="testShouldCheckCalculatorReturnsTheDoubleAnswer" classname="org.hyperskill.calculator.Stage4UnitTest" time="0.391"/>
  <system-out><![CDATA[[Robolectric] org.hyperskill.calculator.Stage4UnitTest.testShouldCheckCalculatorSetsHint: sdk=28; resources=BINARY
Called loadFromPath(/system/framework/framework-res.apk, true); mode=binary sdk=28
[Robolectric] org.hyperskill.calculator.Stage4UnitTest.testShouldCheckCalculatorClearsHint: sdk=28; resources=BINARY
[Robolectric] org.hyperskill.calculator.Stage4UnitTest.testShouldCheckCalculatorReturnsTheIntAnswer: sdk=28; resources=BINARY
[Robolectric] org.hyperskill.calculator.Stage4UnitTest.testShouldCheckCalculatorReturnsTheDoubleAnswer: sdk=28; resources=BINARY
]]></system-out>
  <system-err><![CDATA[]]></system-err>
</testsuite>
